19:59:28.680 [Timer-0] WARN  server.state.Propped - D5 was propped
20:02:02.476 [Thread-1] WARN  server.state.Propped - Can't close door D5 because it's already closed
20:02:45.882 [Timer-0] WARN  server.state.Propped - D5 was propped
20:03:38.277 [Thread-7] WARN  server.state.Propped - Can't close door D5 because it's already closed
20:03:38.550 [Thread-8] WARN  server.state.Propped - Can't close door D5 because it's already closed
20:03:39.045 [Thread-9] WARN  server.state.Propped - Can't close door D5 because it's already closed
20:03:39.241 [Thread-10] WARN  server.state.Propped - Can't close door D5 because it's already closed
20:03:42.802 [Thread-11] WARN  server.DirectoryUsers - user with credential 00112 not found
20:03:42.811 [Thread-11] WARN  server.Door - unauthorized request for door D5
20:04:06.035 [Thread-12] WARN  server.DirectoryUsers - user with credential 00112 not found
20:04:06.035 [Thread-12] WARN  server.Door - unauthorized request for door D5
20:04:08.358 [Thread-13] WARN  server.DirectoryUsers - user with credential 00112 not found
20:04:08.358 [Thread-13] WARN  server.Door - unauthorized request for door D5
20:05:31.566 [main] INFO  server.state.Propped - D1 was locked
20:05:31.568 [main] INFO  server.state.Propped - D2 was locked
20:05:31.568 [main] INFO  server.state.Propped - D3 was locked
20:05:31.568 [main] INFO  server.state.Propped - D4 was locked
20:05:31.568 [main] INFO  server.state.Propped - D5 was locked
20:05:31.568 [main] INFO  server.state.Propped - D6 was locked
20:05:31.568 [main] INFO  server.state.Propped - D7 was locked
20:05:31.568 [main] INFO  server.state.Propped - D8 was locked
20:05:31.568 [main] INFO  server.state.Propped - D9 was locked
20:05:31.569 [main] DEBUG server.roles.Role - Rolesblankcreated
20:05:31.570 [main] INFO  server.User - created user Bernat
20:05:31.570 [main] INFO  server.User - created user Blai
20:05:31.601 [main] DEBUG server.building.Area - Visitor accepted
20:05:31.601 [main] DEBUG server.building.Area - queried area list
20:05:31.601 [main] DEBUG server.building.Area - > basement
20:05:31.601 [main] DEBUG server.building.Area - > ground_floor
20:05:31.601 [main] DEBUG server.building.Area - > floor1
20:05:31.601 [main] DEBUG server.building.Area - > exterior
20:05:31.601 [main] DEBUG server.building.Area - > stairs
20:05:31.601 [main] DEBUG server.building.Area - Visitor accepted
20:05:31.601 [main] DEBUG server.building.Area - queried area list
20:05:31.601 [main] DEBUG server.building.Area - > parking
20:05:31.601 [main] DEBUG server.building.Area - Visitor accepted
20:05:31.601 [main] DEBUG server.building.Area - Visitor accepted
20:05:31.601 [main] DEBUG server.building.Area - queried area list
20:05:31.601 [main] DEBUG server.building.Area - > hall
20:05:31.602 [main] DEBUG server.building.Area - > room1
20:05:31.602 [main] DEBUG server.building.Area - > room2
20:05:31.602 [main] DEBUG server.building.Area - Visitor accepted
20:05:31.602 [main] DEBUG server.building.Area - Visitor accepted
20:05:31.602 [main] DEBUG server.building.Area - Visitor accepted
20:05:31.602 [main] DEBUG server.building.Area - Visitor accepted
20:05:31.602 [main] DEBUG server.building.Area - queried area list
20:05:31.602 [main] DEBUG server.building.Area - > basement
20:05:31.602 [main] DEBUG server.building.Area - > ground_floor
20:05:31.602 [main] DEBUG server.building.Area - > floor1
20:05:31.602 [main] DEBUG server.building.Area - > exterior
20:05:31.602 [main] DEBUG server.building.Area - > stairs
20:05:31.602 [main] DEBUG server.building.Area - Visitor accepted
20:05:31.602 [main] DEBUG server.building.Area - queried area list
20:05:31.602 [main] DEBUG server.building.Area - > parking
20:05:31.602 [main] DEBUG server.building.Area - Visitor accepted
20:05:31.602 [main] DEBUG server.building.Area - Visitor accepted
20:05:31.602 [main] DEBUG server.building.Area - queried area list
20:05:31.602 [main] DEBUG server.building.Area - > hall
20:05:31.602 [main] DEBUG server.building.Area - > room1
20:05:31.602 [main] DEBUG server.building.Area - > room2
20:05:31.602 [main] DEBUG server.building.Area - Visitor accepted
20:05:31.602 [main] DEBUG server.building.Area - Visitor accepted
20:05:31.602 [main] DEBUG server.building.Area - Visitor accepted
20:05:31.602 [main] DEBUG server.building.Area - queried area list
20:05:31.602 [main] DEBUG server.building.Area - > basement
20:05:31.602 [main] DEBUG server.building.Area - > ground_floor
20:05:31.602 [main] DEBUG server.building.Area - > floor1
20:05:31.602 [main] DEBUG server.building.Area - > exterior
20:05:31.602 [main] DEBUG server.building.Area - > stairs
20:05:31.602 [main] DEBUG server.building.Area - Visitor accepted
20:05:31.602 [main] DEBUG server.building.Area - queried area list
20:05:31.602 [main] DEBUG server.building.Area - > parking
20:05:31.602 [main] DEBUG server.building.Area - Visitor accepted
20:05:31.602 [main] DEBUG server.building.Area - Visitor accepted
20:05:31.602 [main] DEBUG server.building.Area - queried area list
20:05:31.602 [main] DEBUG server.building.Area - > hall
20:05:31.602 [main] DEBUG server.building.Area - > room1
20:05:31.602 [main] DEBUG server.building.Area - > room2
20:05:31.602 [main] DEBUG server.building.Area - Visitor accepted
20:05:31.602 [main] DEBUG server.building.Area - Visitor accepted
20:05:31.602 [main] DEBUG server.building.Area - Visitor accepted
20:05:31.603 [main] DEBUG server.building.Area - Visitor accepted
20:05:31.603 [main] DEBUG server.building.Area - queried area list
20:05:31.603 [main] DEBUG server.building.Area - > room3
20:05:31.603 [main] DEBUG server.building.Area - > corridor
20:05:31.603 [main] DEBUG server.building.Area - > IT
20:05:31.603 [main] DEBUG server.building.Area - Visitor accepted
20:05:31.603 [main] DEBUG server.building.Area - Visitor accepted
20:05:31.603 [main] DEBUG server.building.Area - Visitor accepted
20:05:31.603 [main] DEBUG server.building.Area - Visitor accepted
20:05:31.603 [main] DEBUG server.building.Area - Visitor accepted
20:05:31.603 [main] DEBUG server.building.Area - queried area list
20:05:31.603 [main] DEBUG server.building.Area - > basement
20:05:31.603 [main] DEBUG server.building.Area - > ground_floor
20:05:31.603 [main] DEBUG server.building.Area - > floor1
20:05:31.603 [main] DEBUG server.building.Area - > exterior
20:05:31.603 [main] DEBUG server.building.Area - > stairs
20:05:31.603 [main] DEBUG server.building.Area - Visitor accepted
20:05:31.603 [main] DEBUG server.building.Area - queried area list
20:05:31.603 [main] DEBUG server.building.Area - > parking
20:05:31.603 [main] DEBUG server.building.Area - Visitor accepted
20:05:31.603 [main] DEBUG server.building.Area - Visitor accepted
20:05:31.603 [main] DEBUG server.building.Area - queried area list
20:05:31.603 [main] DEBUG server.building.Area - > hall
20:05:31.603 [main] DEBUG server.building.Area - > room1
20:05:31.603 [main] DEBUG server.building.Area - > room2
20:05:31.603 [main] DEBUG server.building.Area - Visitor accepted
20:05:31.603 [main] DEBUG server.building.Area - Visitor accepted
20:05:31.603 [main] DEBUG server.building.Area - Visitor accepted
20:05:31.603 [main] DEBUG server.building.Area - Visitor accepted
20:05:31.603 [main] DEBUG server.building.Area - queried area list
20:05:31.603 [main] DEBUG server.building.Area - > room3
20:05:31.603 [main] DEBUG server.building.Area - > corridor
20:05:31.603 [main] DEBUG server.building.Area - > IT
20:05:31.603 [main] DEBUG server.building.Area - Visitor accepted
20:05:31.603 [main] DEBUG server.building.Area - Visitor accepted
20:05:31.603 [main] DEBUG server.building.Area - Visitor accepted
20:05:31.603 [main] DEBUG server.building.Area - Visitor accepted
20:05:31.603 [main] DEBUG server.building.Area - queried area list
20:05:31.603 [main] DEBUG server.building.Area - > basement
20:05:31.603 [main] DEBUG server.building.Area - > ground_floor
20:05:31.603 [main] DEBUG server.building.Area - > floor1
20:05:31.603 [main] DEBUG server.building.Area - > exterior
20:05:31.603 [main] DEBUG server.building.Area - > stairs
20:05:31.603 [main] DEBUG server.building.Area - Visitor accepted
20:05:31.603 [main] DEBUG server.building.Area - queried area list
20:05:31.603 [main] DEBUG server.building.Area - > parking
20:05:31.603 [main] DEBUG server.building.Area - Visitor accepted
20:05:31.603 [main] DEBUG server.building.Area - Visitor accepted
20:05:31.603 [main] DEBUG server.building.Area - queried area list
20:05:31.603 [main] DEBUG server.building.Area - > hall
20:05:31.603 [main] DEBUG server.building.Area - > room1
20:05:31.603 [main] DEBUG server.building.Area - > room2
20:05:31.603 [main] DEBUG server.building.Area - Visitor accepted
20:05:31.603 [main] DEBUG server.building.Area - Visitor accepted
20:05:31.603 [main] DEBUG server.building.Area - Visitor accepted
20:05:31.603 [main] DEBUG server.building.Area - Visitor accepted
20:05:31.603 [main] DEBUG server.building.Area - queried area list
20:05:31.603 [main] DEBUG server.building.Area - > room3
20:05:31.603 [main] DEBUG server.building.Area - > corridor
20:05:31.603 [main] DEBUG server.building.Area - > IT
20:05:31.603 [main] DEBUG server.building.Area - Visitor accepted
20:05:31.603 [main] DEBUG server.building.Area - Visitor accepted
20:05:31.603 [main] DEBUG server.building.Area - Visitor accepted
20:05:31.603 [main] DEBUG server.building.Area - queried area list
20:05:31.603 [main] DEBUG server.building.Area - > basement
20:05:31.603 [main] DEBUG server.building.Area - > ground_floor
20:05:31.603 [main] DEBUG server.building.Area - > floor1
20:05:31.603 [main] DEBUG server.building.Area - > exterior
20:05:31.603 [main] DEBUG server.building.Area - > stairs
20:05:31.603 [main] DEBUG server.building.Area - Visitor accepted
20:05:31.603 [main] DEBUG server.building.Area - queried area list
20:05:31.603 [main] DEBUG server.building.Area - > parking
20:05:31.605 [main] DEBUG server.building.Area - Visitor accepted
20:05:31.605 [main] DEBUG server.building.Area - Visitor accepted
20:05:31.605 [main] DEBUG server.building.Area - queried area list
20:05:31.605 [main] DEBUG server.building.Area - > hall
20:05:31.605 [main] DEBUG server.building.Area - > room1
20:05:31.605 [main] DEBUG server.building.Area - > room2
20:05:31.605 [main] DEBUG server.building.Area - Visitor accepted
20:05:31.605 [main] DEBUG server.building.Area - Visitor accepted
20:05:31.605 [main] DEBUG server.building.Area - Visitor accepted
20:05:31.605 [main] DEBUG server.building.Area - Visitor accepted
20:05:31.605 [main] DEBUG server.building.Area - queried area list
20:05:31.605 [main] DEBUG server.building.Area - > room3
20:05:31.605 [main] DEBUG server.building.Area - > corridor
20:05:31.605 [main] DEBUG server.building.Area - > IT
20:05:31.605 [main] DEBUG server.building.Area - Visitor accepted
20:05:31.605 [main] DEBUG server.building.Area - Visitor accepted
20:05:31.605 [main] DEBUG server.building.Area - Visitor accepted
20:05:31.605 [main] DEBUG server.building.Area - Visitor accepted
20:05:31.605 [main] DEBUG server.building.Area - Visitor accepted
20:05:31.605 [main] DEBUG server.building.Area - Visitor accepted
20:05:31.605 [main] DEBUG server.building.Area - queried area list
20:05:31.605 [main] DEBUG server.building.Area - > basement
20:05:31.605 [main] DEBUG server.building.Area - > ground_floor
20:05:31.605 [main] DEBUG server.building.Area - > floor1
20:05:31.605 [main] DEBUG server.building.Area - > exterior
20:05:31.605 [main] DEBUG server.building.Area - > stairs
20:05:31.605 [main] DEBUG server.building.Area - Visitor accepted
20:05:31.605 [main] DEBUG server.building.Area - queried area list
20:05:31.605 [main] DEBUG server.building.Area - > parking
20:05:31.605 [main] DEBUG server.building.Area - Visitor accepted
20:05:31.605 [main] DEBUG server.building.Area - Visitor accepted
20:05:31.605 [main] DEBUG server.building.Area - queried area list
20:05:31.605 [main] DEBUG server.building.Area - > hall
20:05:31.605 [main] DEBUG server.building.Area - > room1
20:05:31.605 [main] DEBUG server.building.Area - > room2
20:05:31.605 [main] DEBUG server.building.Area - Visitor accepted
20:05:31.605 [main] DEBUG server.building.Area - Visitor accepted
20:05:31.605 [main] DEBUG server.building.Area - queried area list
20:05:31.605 [main] DEBUG server.building.Area - > basement
20:05:31.605 [main] DEBUG server.building.Area - > ground_floor
20:05:31.605 [main] DEBUG server.building.Area - > floor1
20:05:31.605 [main] DEBUG server.building.Area - > exterior
20:05:31.605 [main] DEBUG server.building.Area - > stairs
20:05:31.605 [main] DEBUG server.building.Area - Visitor accepted
20:05:31.605 [main] DEBUG server.building.Area - queried area list
20:05:31.605 [main] DEBUG server.building.Area - > parking
20:05:31.605 [main] DEBUG server.building.Area - Visitor accepted
20:05:31.605 [main] DEBUG server.building.Area - Visitor accepted
20:05:31.605 [main] DEBUG server.building.Area - queried area list
20:05:31.605 [main] DEBUG server.building.Area - > hall
20:05:31.605 [main] DEBUG server.building.Area - > room1
20:05:31.605 [main] DEBUG server.building.Area - > room2
20:05:31.605 [main] DEBUG server.building.Area - Visitor accepted
20:05:31.605 [main] DEBUG server.building.Area - Visitor accepted
20:05:31.605 [main] DEBUG server.building.Area - Visitor accepted
20:05:31.605 [main] DEBUG server.building.Area - Visitor accepted
20:05:31.605 [main] DEBUG server.building.Area - queried area list
20:05:31.605 [main] DEBUG server.building.Area - > room3
20:05:31.605 [main] DEBUG server.building.Area - > corridor
20:05:31.605 [main] DEBUG server.building.Area - > IT
20:05:31.605 [main] DEBUG server.building.Area - Visitor accepted
20:05:31.605 [main] DEBUG server.roles.Role - Rolesemployeecreated
20:05:31.605 [main] INFO  server.User - created user Ernest
20:05:31.605 [main] INFO  server.User - created user Eulalia
20:05:31.606 [main] DEBUG server.building.Area - Visitor accepted
20:05:31.606 [main] DEBUG server.building.Area - queried area list
20:05:31.606 [main] DEBUG server.building.Area - > basement
20:05:31.606 [main] DEBUG server.building.Area - > ground_floor
20:05:31.606 [main] DEBUG server.building.Area - > floor1
20:05:31.606 [main] DEBUG server.building.Area - > exterior
20:05:31.606 [main] DEBUG server.building.Area - > stairs
20:05:31.606 [main] DEBUG server.building.Area - Visitor accepted
20:05:31.606 [main] DEBUG server.building.Area - queried area list
20:05:31.606 [main] DEBUG server.building.Area - > parking
20:05:31.606 [main] DEBUG server.building.Area - Visitor accepted
20:05:31.606 [main] DEBUG server.building.Area - Visitor accepted
20:05:31.606 [main] DEBUG server.building.Area - queried area list
20:05:31.606 [main] DEBUG server.building.Area - > hall
20:05:31.606 [main] DEBUG server.building.Area - > room1
20:05:31.606 [main] DEBUG server.building.Area - > room2
20:05:31.606 [main] DEBUG server.building.Area - Visitor accepted
20:05:31.606 [main] DEBUG server.building.Area - Visitor accepted
20:05:31.606 [main] DEBUG server.building.Area - queried area list
20:05:31.606 [main] DEBUG server.building.Area - > basement
20:05:31.606 [main] DEBUG server.building.Area - > ground_floor
20:05:31.606 [main] DEBUG server.building.Area - > floor1
20:05:31.606 [main] DEBUG server.building.Area - > exterior
20:05:31.606 [main] DEBUG server.building.Area - > stairs
20:05:31.606 [main] DEBUG server.building.Area - Visitor accepted
20:05:31.606 [main] DEBUG server.building.Area - queried area list
20:05:31.606 [main] DEBUG server.building.Area - > parking
20:05:31.606 [main] DEBUG server.building.Area - Visitor accepted
20:05:31.606 [main] DEBUG server.building.Area - Visitor accepted
20:05:31.606 [main] DEBUG server.building.Area - queried area list
20:05:31.606 [main] DEBUG server.building.Area - > hall
20:05:31.606 [main] DEBUG server.building.Area - > room1
20:05:31.606 [main] DEBUG server.building.Area - > room2
20:05:31.606 [main] DEBUG server.building.Area - Visitor accepted
20:05:31.606 [main] DEBUG server.building.Area - Visitor accepted
20:05:31.606 [main] DEBUG server.building.Area - Visitor accepted
20:05:31.606 [main] DEBUG server.building.Area - Visitor accepted
20:05:31.606 [main] DEBUG server.building.Area - queried area list
20:05:31.606 [main] DEBUG server.building.Area - > room3
20:05:31.606 [main] DEBUG server.building.Area - > corridor
20:05:31.606 [main] DEBUG server.building.Area - > IT
20:05:31.606 [main] DEBUG server.building.Area - Visitor accepted
20:05:31.606 [main] DEBUG server.building.Area - Visitor accepted
20:05:31.606 [main] DEBUG server.building.Area - Visitor accepted
20:05:31.606 [main] DEBUG server.building.Area - Visitor accepted
20:05:31.606 [main] DEBUG server.building.Area - queried area list
20:05:31.606 [main] DEBUG server.building.Area - > basement
20:05:31.606 [main] DEBUG server.building.Area - > ground_floor
20:05:31.606 [main] DEBUG server.building.Area - > floor1
20:05:31.606 [main] DEBUG server.building.Area - > exterior
20:05:31.606 [main] DEBUG server.building.Area - > stairs
20:05:31.606 [main] DEBUG server.building.Area - Visitor accepted
20:05:31.606 [main] DEBUG server.building.Area - queried area list
20:05:31.606 [main] DEBUG server.building.Area - > parking
20:05:31.606 [main] DEBUG server.building.Area - Visitor accepted
20:05:31.606 [main] DEBUG server.building.Area - Visitor accepted
20:05:31.606 [main] DEBUG server.building.Area - queried area list
20:05:31.606 [main] DEBUG server.building.Area - > hall
20:05:31.606 [main] DEBUG server.building.Area - > room1
20:05:31.606 [main] DEBUG server.building.Area - > room2
20:05:31.606 [main] DEBUG server.building.Area - Visitor accepted
20:05:31.606 [main] DEBUG server.building.Area - Visitor accepted
20:05:31.606 [main] DEBUG server.building.Area - Visitor accepted
20:05:31.606 [main] DEBUG server.building.Area - Visitor accepted
20:05:31.606 [main] DEBUG server.building.Area - queried area list
20:05:31.606 [main] DEBUG server.building.Area - > room3
20:05:31.606 [main] DEBUG server.building.Area - > corridor
20:05:31.606 [main] DEBUG server.building.Area - > IT
20:05:31.607 [main] DEBUG server.building.Area - Visitor accepted
20:05:31.607 [main] DEBUG server.building.Area - Visitor accepted
20:05:31.607 [main] DEBUG server.building.Area - Visitor accepted
20:05:31.607 [main] DEBUG server.building.Area - queried area list
20:05:31.607 [main] DEBUG server.building.Area - > basement
20:05:31.607 [main] DEBUG server.building.Area - > ground_floor
20:05:31.607 [main] DEBUG server.building.Area - > floor1
20:05:31.607 [main] DEBUG server.building.Area - > exterior
20:05:31.607 [main] DEBUG server.building.Area - > stairs
20:05:31.607 [main] DEBUG server.building.Area - Visitor accepted
20:05:31.607 [main] DEBUG server.building.Area - queried area list
20:05:31.607 [main] DEBUG server.building.Area - > parking
20:05:31.607 [main] DEBUG server.building.Area - Visitor accepted
20:05:31.607 [main] DEBUG server.building.Area - Visitor accepted
20:05:31.607 [main] DEBUG server.building.Area - queried area list
20:05:31.607 [main] DEBUG server.building.Area - > hall
20:05:31.607 [main] DEBUG server.building.Area - > room1
20:05:31.607 [main] DEBUG server.building.Area - > room2
20:05:31.607 [main] DEBUG server.building.Area - Visitor accepted
20:05:31.607 [main] DEBUG server.building.Area - Visitor accepted
20:05:31.607 [main] DEBUG server.building.Area - Visitor accepted
20:05:31.607 [main] DEBUG server.building.Area - Visitor accepted
20:05:31.607 [main] DEBUG server.building.Area - queried area list
20:05:31.607 [main] DEBUG server.building.Area - > room3
20:05:31.607 [main] DEBUG server.building.Area - > corridor
20:05:31.607 [main] DEBUG server.building.Area - > IT
20:05:31.607 [main] DEBUG server.building.Area - Visitor accepted
20:05:31.607 [main] DEBUG server.building.Area - Visitor accepted
20:05:31.607 [main] DEBUG server.building.Area - Visitor accepted
20:05:31.607 [main] DEBUG server.building.Area - Visitor accepted
20:05:31.607 [main] DEBUG server.building.Area - Visitor accepted
20:05:31.607 [main] DEBUG server.building.Area - Visitor accepted
20:05:31.607 [main] DEBUG server.building.Area - queried area list
20:05:31.607 [main] DEBUG server.building.Area - > basement
20:05:31.607 [main] DEBUG server.building.Area - > ground_floor
20:05:31.607 [main] DEBUG server.building.Area - > floor1
20:05:31.607 [main] DEBUG server.building.Area - > exterior
20:05:31.607 [main] DEBUG server.building.Area - > stairs
20:05:31.607 [main] DEBUG server.building.Area - Visitor accepted
20:05:31.607 [main] DEBUG server.building.Area - queried area list
20:05:31.607 [main] DEBUG server.building.Area - > parking
20:05:31.607 [main] DEBUG server.building.Area - Visitor accepted
20:05:31.607 [main] DEBUG server.building.Area - Visitor accepted
20:05:31.607 [main] DEBUG server.building.Area - queried area list
20:05:31.607 [main] DEBUG server.building.Area - > hall
20:05:31.607 [main] DEBUG server.building.Area - > room1
20:05:31.607 [main] DEBUG server.building.Area - > room2
20:05:31.607 [main] DEBUG server.building.Area - Visitor accepted
20:05:31.607 [main] DEBUG server.building.Area - Visitor accepted
20:05:31.607 [main] DEBUG server.building.Area - Visitor accepted
20:05:31.607 [main] DEBUG server.building.Area - Visitor accepted
20:05:31.607 [main] DEBUG server.building.Area - queried area list
20:05:31.607 [main] DEBUG server.building.Area - > room3
20:05:31.607 [main] DEBUG server.building.Area - > corridor
20:05:31.607 [main] DEBUG server.building.Area - > IT
20:05:31.607 [main] DEBUG server.building.Area - Visitor accepted
20:05:31.607 [main] DEBUG server.building.Area - Visitor accepted
20:05:31.607 [main] DEBUG server.building.Area - queried area list
20:05:31.607 [main] DEBUG server.building.Area - > basement
20:05:31.607 [main] DEBUG server.building.Area - > ground_floor
20:05:31.607 [main] DEBUG server.building.Area - > floor1
20:05:31.607 [main] DEBUG server.building.Area - > exterior
20:05:31.607 [main] DEBUG server.building.Area - > stairs
20:05:31.607 [main] DEBUG server.building.Area - Visitor accepted
20:05:31.607 [main] DEBUG server.building.Area - queried area list
20:05:31.607 [main] DEBUG server.building.Area - > parking
20:05:31.608 [main] DEBUG server.building.Area - Visitor accepted
20:05:31.608 [main] DEBUG server.building.Area - Visitor accepted
20:05:31.608 [main] DEBUG server.building.Area - queried area list
20:05:31.608 [main] DEBUG server.building.Area - > hall
20:05:31.608 [main] DEBUG server.building.Area - > room1
20:05:31.608 [main] DEBUG server.building.Area - > room2
20:05:31.608 [main] DEBUG server.building.Area - Visitor accepted
20:05:31.608 [main] DEBUG server.building.Area - Visitor accepted
20:05:31.608 [main] DEBUG server.building.Area - Visitor accepted
20:05:31.608 [main] DEBUG server.building.Area - Visitor accepted
20:05:31.608 [main] DEBUG server.building.Area - queried area list
20:05:31.608 [main] DEBUG server.building.Area - > basement
20:05:31.608 [main] DEBUG server.building.Area - > ground_floor
20:05:31.608 [main] DEBUG server.building.Area - > floor1
20:05:31.608 [main] DEBUG server.building.Area - > exterior
20:05:31.608 [main] DEBUG server.building.Area - > stairs
20:05:31.608 [main] DEBUG server.building.Area - Visitor accepted
20:05:31.608 [main] DEBUG server.building.Area - queried area list
20:05:31.608 [main] DEBUG server.building.Area - > parking
20:05:31.608 [main] DEBUG server.building.Area - Visitor accepted
20:05:31.608 [main] DEBUG server.building.Area - Visitor accepted
20:05:31.608 [main] DEBUG server.building.Area - queried area list
20:05:31.608 [main] DEBUG server.building.Area - > hall
20:05:31.608 [main] DEBUG server.building.Area - > room1
20:05:31.608 [main] DEBUG server.building.Area - > room2
20:05:31.608 [main] DEBUG server.building.Area - Visitor accepted
20:05:31.608 [main] DEBUG server.building.Area - Visitor accepted
20:05:31.608 [main] DEBUG server.building.Area - Visitor accepted
20:05:31.608 [main] DEBUG server.building.Area - queried area list
20:05:31.608 [main] DEBUG server.building.Area - > basement
20:05:31.608 [main] DEBUG server.building.Area - > ground_floor
20:05:31.608 [main] DEBUG server.building.Area - > floor1
20:05:31.608 [main] DEBUG server.building.Area - > exterior
20:05:31.608 [main] DEBUG server.building.Area - > stairs
20:05:31.608 [main] DEBUG server.building.Area - Visitor accepted
20:05:31.608 [main] DEBUG server.building.Area - queried area list
20:05:31.608 [main] DEBUG server.building.Area - > parking
20:05:31.608 [main] DEBUG server.building.Area - Visitor accepted
20:05:31.608 [main] DEBUG server.building.Area - Visitor accepted
20:05:31.608 [main] DEBUG server.building.Area - queried area list
20:05:31.608 [main] DEBUG server.building.Area - > basement
20:05:31.608 [main] DEBUG server.building.Area - > ground_floor
20:05:31.608 [main] DEBUG server.building.Area - > floor1
20:05:31.608 [main] DEBUG server.building.Area - > exterior
20:05:31.608 [main] DEBUG server.building.Area - > stairs
20:05:31.608 [main] DEBUG server.building.Area - Visitor accepted
20:05:31.608 [main] DEBUG server.building.Area - queried area list
20:05:31.608 [main] DEBUG server.building.Area - > parking
20:05:31.608 [main] DEBUG server.building.Area - Visitor accepted
20:05:31.608 [main] DEBUG server.building.Area - Visitor accepted
20:05:31.608 [main] DEBUG server.building.Area - queried area list
20:05:31.608 [main] DEBUG server.building.Area - > hall
20:05:31.608 [main] DEBUG server.building.Area - > room1
20:05:31.608 [main] DEBUG server.building.Area - > room2
20:05:31.608 [main] DEBUG server.building.Area - Visitor accepted
20:05:31.608 [main] DEBUG server.building.Area - Visitor accepted
20:05:31.608 [main] DEBUG server.building.Area - Visitor accepted
20:05:31.608 [main] DEBUG server.building.Area - Visitor accepted
20:05:31.608 [main] DEBUG server.building.Area - queried area list
20:05:31.608 [main] DEBUG server.building.Area - > room3
20:05:31.608 [main] DEBUG server.building.Area - > corridor
20:05:31.608 [main] DEBUG server.building.Area - > IT
20:05:31.608 [main] DEBUG server.building.Area - Visitor accepted
20:05:31.608 [main] DEBUG server.building.Area - Visitor accepted
20:05:31.608 [main] DEBUG server.building.Area - Visitor accepted
20:05:31.608 [main] DEBUG server.building.Area - Visitor accepted
20:05:31.608 [main] DEBUG server.roles.Role - Rolesmanagercreated
20:05:31.608 [main] INFO  server.User - created user Manel
20:05:31.609 [main] INFO  server.User - created user Marta
20:05:31.609 [main] DEBUG server.roles.Role - Rolesadministratorcreated
20:05:31.609 [main] INFO  server.User - created user Ana
20:06:29.502 [main] INFO  server.state.Propped - D1 was locked
20:06:29.504 [main] INFO  server.state.Propped - D2 was locked
20:06:29.504 [main] INFO  server.state.Propped - D3 was locked
20:06:29.504 [main] INFO  server.state.Propped - D4 was locked
20:06:29.504 [main] INFO  server.state.Propped - D5 was locked
20:06:29.504 [main] INFO  server.state.Propped - D6 was locked
20:06:29.504 [main] INFO  server.state.Propped - D7 was locked
20:06:29.504 [main] INFO  server.state.Propped - D8 was locked
20:06:29.504 [main] INFO  server.state.Propped - D9 was locked
20:06:29.505 [main] DEBUG server.roles.Role - Rolesblankcreated
20:06:29.505 [main] INFO  server.User - created user Bernat
20:06:29.505 [main] INFO  server.User - created user Blai
20:06:29.532 [main] DEBUG server.building.Area - Visitor accepted
20:06:29.532 [main] DEBUG server.building.Area - queried area list
20:06:29.532 [main] DEBUG server.building.Area - > basement
20:06:29.532 [main] DEBUG server.building.Area - > ground_floor
20:06:29.532 [main] DEBUG server.building.Area - > floor1
20:06:29.532 [main] DEBUG server.building.Area - > exterior
20:06:29.532 [main] DEBUG server.building.Area - > stairs
20:06:29.532 [main] DEBUG server.building.Area - Visitor accepted
20:06:29.533 [main] DEBUG server.building.Area - queried area list
20:06:29.533 [main] DEBUG server.building.Area - > parking
20:06:29.533 [main] DEBUG server.building.Area - Visitor accepted
20:06:29.533 [main] DEBUG server.building.Area - Visitor accepted
20:06:29.533 [main] DEBUG server.building.Area - queried area list
20:06:29.533 [main] DEBUG server.building.Area - > hall
20:06:29.533 [main] DEBUG server.building.Area - > room1
20:06:29.533 [main] DEBUG server.building.Area - > room2
20:06:29.533 [main] DEBUG server.building.Area - Visitor accepted
20:06:29.533 [main] DEBUG server.building.Area - Visitor accepted
20:06:29.533 [main] DEBUG server.building.Area - Visitor accepted
20:06:29.533 [main] DEBUG server.building.Area - Visitor accepted
20:06:29.533 [main] DEBUG server.building.Area - queried area list
20:06:29.533 [main] DEBUG server.building.Area - > room3
20:06:29.533 [main] DEBUG server.building.Area - > corridor
20:06:29.533 [main] DEBUG server.building.Area - > IT
20:06:29.533 [main] DEBUG server.building.Area - Visitor accepted
20:06:29.533 [main] DEBUG server.building.Area - Visitor accepted
20:06:29.533 [main] DEBUG server.building.Area - Visitor accepted
20:06:29.533 [main] DEBUG server.building.Area - Visitor accepted
20:06:29.533 [main] DEBUG server.building.Area - Visitor accepted
20:06:29.533 [main] DEBUG server.building.Area - queried area list
20:06:29.533 [main] DEBUG server.building.Area - > basement
20:06:29.533 [main] DEBUG server.building.Area - > ground_floor
20:06:29.533 [main] DEBUG server.building.Area - > floor1
20:06:29.533 [main] DEBUG server.building.Area - > exterior
20:06:29.533 [main] DEBUG server.building.Area - > stairs
20:06:29.533 [main] DEBUG server.building.Area - Visitor accepted
20:06:29.533 [main] DEBUG server.building.Area - queried area list
20:06:29.533 [main] DEBUG server.building.Area - > parking
20:06:29.533 [main] DEBUG server.building.Area - Visitor accepted
20:06:29.533 [main] DEBUG server.building.Area - Visitor accepted
20:06:29.533 [main] DEBUG server.building.Area - queried area list
20:06:29.533 [main] DEBUG server.building.Area - > hall
20:06:29.533 [main] DEBUG server.building.Area - > room1
20:06:29.533 [main] DEBUG server.building.Area - > room2
20:06:29.533 [main] DEBUG server.building.Area - Visitor accepted
20:06:29.533 [main] DEBUG server.building.Area - Visitor accepted
20:06:29.533 [main] DEBUG server.building.Area - Visitor accepted
20:06:29.533 [main] DEBUG server.building.Area - Visitor accepted
20:06:29.533 [main] DEBUG server.building.Area - queried area list
20:06:29.533 [main] DEBUG server.building.Area - > room3
20:06:29.533 [main] DEBUG server.building.Area - > corridor
20:06:29.533 [main] DEBUG server.building.Area - > IT
20:06:29.533 [main] DEBUG server.building.Area - Visitor accepted
20:06:29.533 [main] DEBUG server.building.Area - Visitor accepted
20:06:29.533 [main] DEBUG server.building.Area - Visitor accepted
20:06:29.533 [main] DEBUG server.building.Area - Visitor accepted
20:06:29.533 [main] DEBUG server.building.Area - queried area list
20:06:29.533 [main] DEBUG server.building.Area - > basement
20:06:29.533 [main] DEBUG server.building.Area - > ground_floor
20:06:29.533 [main] DEBUG server.building.Area - > floor1
20:06:29.533 [main] DEBUG server.building.Area - > exterior
20:06:29.533 [main] DEBUG server.building.Area - > stairs
20:06:29.533 [main] DEBUG server.building.Area - Visitor accepted
20:06:29.533 [main] DEBUG server.building.Area - queried area list
20:06:29.533 [main] DEBUG server.building.Area - > parking
20:06:29.533 [main] DEBUG server.building.Area - Visitor accepted
20:06:29.533 [main] DEBUG server.building.Area - Visitor accepted
20:06:29.533 [main] DEBUG server.building.Area - queried area list
20:06:29.535 [main] DEBUG server.building.Area - > hall
20:06:29.535 [main] DEBUG server.building.Area - > room1
20:06:29.535 [main] DEBUG server.building.Area - > room2
20:06:29.535 [main] DEBUG server.building.Area - Visitor accepted
20:06:29.535 [main] DEBUG server.building.Area - Visitor accepted
20:06:29.535 [main] DEBUG server.building.Area - Visitor accepted
20:06:29.535 [main] DEBUG server.building.Area - Visitor accepted
20:06:29.535 [main] DEBUG server.building.Area - queried area list
20:06:29.535 [main] DEBUG server.building.Area - > room3
20:06:29.535 [main] DEBUG server.building.Area - > corridor
20:06:29.535 [main] DEBUG server.building.Area - > IT
20:06:29.535 [main] DEBUG server.building.Area - Visitor accepted
20:06:29.535 [main] DEBUG server.building.Area - Visitor accepted
20:06:29.535 [main] DEBUG server.building.Area - Visitor accepted
20:06:29.535 [main] DEBUG server.building.Area - queried area list
20:06:29.535 [main] DEBUG server.building.Area - > basement
20:06:29.535 [main] DEBUG server.building.Area - > ground_floor
20:06:29.535 [main] DEBUG server.building.Area - > floor1
20:06:29.535 [main] DEBUG server.building.Area - > exterior
20:06:29.535 [main] DEBUG server.building.Area - > stairs
20:06:29.535 [main] DEBUG server.building.Area - Visitor accepted
20:06:29.535 [main] DEBUG server.building.Area - queried area list
20:06:29.535 [main] DEBUG server.building.Area - > parking
20:06:29.535 [main] DEBUG server.building.Area - Visitor accepted
20:06:29.535 [main] DEBUG server.building.Area - Visitor accepted
20:06:29.535 [main] DEBUG server.building.Area - queried area list
20:06:29.535 [main] DEBUG server.building.Area - > hall
20:06:29.535 [main] DEBUG server.building.Area - > room1
20:06:29.535 [main] DEBUG server.building.Area - > room2
20:06:29.535 [main] DEBUG server.building.Area - Visitor accepted
20:06:29.535 [main] DEBUG server.building.Area - Visitor accepted
20:06:29.535 [main] DEBUG server.building.Area - Visitor accepted
20:06:29.535 [main] DEBUG server.building.Area - Visitor accepted
20:06:29.535 [main] DEBUG server.building.Area - queried area list
20:06:29.535 [main] DEBUG server.building.Area - > room3
20:06:29.535 [main] DEBUG server.building.Area - > corridor
20:06:29.535 [main] DEBUG server.building.Area - > IT
20:06:29.535 [main] DEBUG server.building.Area - Visitor accepted
20:06:29.535 [main] DEBUG server.building.Area - Visitor accepted
20:06:29.535 [main] DEBUG server.building.Area - Visitor accepted
20:06:29.535 [main] DEBUG server.building.Area - Visitor accepted
20:06:29.535 [main] DEBUG server.building.Area - Visitor accepted
20:06:29.535 [main] DEBUG server.building.Area - Visitor accepted
20:06:29.535 [main] DEBUG server.building.Area - queried area list
20:06:29.535 [main] DEBUG server.building.Area - > basement
20:06:29.535 [main] DEBUG server.building.Area - > ground_floor
20:06:29.535 [main] DEBUG server.building.Area - > floor1
20:06:29.535 [main] DEBUG server.building.Area - > exterior
20:06:29.535 [main] DEBUG server.building.Area - > stairs
20:06:29.535 [main] DEBUG server.building.Area - Visitor accepted
20:06:29.535 [main] DEBUG server.building.Area - queried area list
20:06:29.535 [main] DEBUG server.building.Area - > parking
20:06:29.535 [main] DEBUG server.building.Area - Visitor accepted
20:06:29.535 [main] DEBUG server.building.Area - Visitor accepted
20:06:29.535 [main] DEBUG server.building.Area - queried area list
20:06:29.535 [main] DEBUG server.building.Area - > hall
20:06:29.535 [main] DEBUG server.building.Area - > room1
20:06:29.535 [main] DEBUG server.building.Area - > room2
20:06:29.535 [main] DEBUG server.building.Area - Visitor accepted
20:06:29.535 [main] DEBUG server.building.Area - Visitor accepted
20:06:29.535 [main] DEBUG server.building.Area - queried area list
20:06:29.535 [main] DEBUG server.building.Area - > basement
20:06:29.535 [main] DEBUG server.building.Area - > ground_floor
20:06:29.535 [main] DEBUG server.building.Area - > floor1
20:06:29.535 [main] DEBUG server.building.Area - > exterior
20:06:29.535 [main] DEBUG server.building.Area - > stairs
20:06:29.535 [main] DEBUG server.building.Area - Visitor accepted
20:06:29.535 [main] DEBUG server.building.Area - queried area list
20:06:29.535 [main] DEBUG server.building.Area - > parking
20:06:29.535 [main] DEBUG server.building.Area - Visitor accepted
20:06:29.535 [main] DEBUG server.building.Area - Visitor accepted
20:06:29.535 [main] DEBUG server.building.Area - queried area list
20:06:29.535 [main] DEBUG server.building.Area - > hall
20:06:29.535 [main] DEBUG server.building.Area - > room1
20:06:29.536 [main] DEBUG server.building.Area - > room2
20:06:29.536 [main] DEBUG server.building.Area - Visitor accepted
20:06:29.536 [main] DEBUG server.building.Area - Visitor accepted
20:06:29.536 [main] DEBUG server.building.Area - Visitor accepted
20:06:29.536 [main] DEBUG server.building.Area - Visitor accepted
20:06:29.536 [main] DEBUG server.building.Area - queried area list
20:06:29.536 [main] DEBUG server.building.Area - > room3
20:06:29.536 [main] DEBUG server.building.Area - > corridor
20:06:29.536 [main] DEBUG server.building.Area - > IT
20:06:29.536 [main] DEBUG server.building.Area - Visitor accepted
20:06:29.536 [main] DEBUG server.building.Area - Visitor accepted
20:06:29.536 [main] DEBUG server.building.Area - queried area list
20:06:29.536 [main] DEBUG server.building.Area - > basement
20:06:29.536 [main] DEBUG server.building.Area - > ground_floor
20:06:29.536 [main] DEBUG server.building.Area - > floor1
20:06:29.536 [main] DEBUG server.building.Area - > exterior
20:06:29.536 [main] DEBUG server.building.Area - > stairs
20:06:29.536 [main] DEBUG server.building.Area - Visitor accepted
20:06:29.536 [main] DEBUG server.building.Area - queried area list
20:06:29.536 [main] DEBUG server.building.Area - > parking
20:06:29.536 [main] DEBUG server.building.Area - Visitor accepted
20:06:29.536 [main] DEBUG server.building.Area - Visitor accepted
20:06:29.536 [main] DEBUG server.building.Area - queried area list
20:06:29.536 [main] DEBUG server.building.Area - > hall
20:06:29.536 [main] DEBUG server.building.Area - > room1
20:06:29.536 [main] DEBUG server.building.Area - > room2
20:06:29.536 [main] DEBUG server.building.Area - Visitor accepted
20:06:29.536 [main] DEBUG server.building.Area - Visitor accepted
20:06:29.536 [main] DEBUG server.building.Area - Visitor accepted
20:06:29.536 [main] DEBUG server.building.Area - Visitor accepted
20:06:29.536 [main] DEBUG server.building.Area - queried area list
20:06:29.536 [main] DEBUG server.building.Area - > basement
20:06:29.536 [main] DEBUG server.building.Area - > ground_floor
20:06:29.536 [main] DEBUG server.building.Area - > floor1
20:06:29.536 [main] DEBUG server.building.Area - > exterior
20:06:29.536 [main] DEBUG server.building.Area - > stairs
20:06:29.536 [main] DEBUG server.building.Area - Visitor accepted
20:06:29.536 [main] DEBUG server.building.Area - queried area list
20:06:29.536 [main] DEBUG server.building.Area - > parking
20:06:29.536 [main] DEBUG server.building.Area - Visitor accepted
20:06:29.536 [main] DEBUG server.building.Area - Visitor accepted
20:06:29.536 [main] DEBUG server.building.Area - queried area list
20:06:29.536 [main] DEBUG server.building.Area - > hall
20:06:29.536 [main] DEBUG server.building.Area - > room1
20:06:29.536 [main] DEBUG server.building.Area - > room2
20:06:29.536 [main] DEBUG server.building.Area - Visitor accepted
20:06:29.536 [main] DEBUG server.building.Area - Visitor accepted
20:06:29.536 [main] DEBUG server.roles.Role - Rolesemployeecreated
20:06:29.536 [main] INFO  server.User - created user Ernest
20:06:29.537 [main] INFO  server.User - created user Eulalia
20:06:29.537 [main] DEBUG server.building.Area - Visitor accepted
20:06:29.537 [main] DEBUG server.building.Area - queried area list
20:06:29.537 [main] DEBUG server.building.Area - > basement
20:06:29.537 [main] DEBUG server.building.Area - > ground_floor
20:06:29.537 [main] DEBUG server.building.Area - > floor1
20:06:29.537 [main] DEBUG server.building.Area - > exterior
20:06:29.537 [main] DEBUG server.building.Area - > stairs
20:06:29.537 [main] DEBUG server.building.Area - Visitor accepted
20:06:29.537 [main] DEBUG server.building.Area - queried area list
20:06:29.537 [main] DEBUG server.building.Area - > parking
20:06:29.537 [main] DEBUG server.building.Area - Visitor accepted
20:06:29.537 [main] DEBUG server.building.Area - Visitor accepted
20:06:29.537 [main] DEBUG server.building.Area - queried area list
20:06:29.537 [main] DEBUG server.building.Area - > basement
20:06:29.537 [main] DEBUG server.building.Area - > ground_floor
20:06:29.537 [main] DEBUG server.building.Area - > floor1
20:06:29.537 [main] DEBUG server.building.Area - > exterior
20:06:29.537 [main] DEBUG server.building.Area - > stairs
20:06:29.537 [main] DEBUG server.building.Area - Visitor accepted
20:06:29.537 [main] DEBUG server.building.Area - queried area list
20:06:29.537 [main] DEBUG server.building.Area - > parking
20:06:29.537 [main] DEBUG server.building.Area - Visitor accepted
20:06:29.537 [main] DEBUG server.building.Area - Visitor accepted
20:06:29.537 [main] DEBUG server.building.Area - queried area list
20:06:29.537 [main] DEBUG server.building.Area - > hall
20:06:29.537 [main] DEBUG server.building.Area - > room1
20:06:29.537 [main] DEBUG server.building.Area - > room2
20:06:29.537 [main] DEBUG server.building.Area - Visitor accepted
20:06:29.537 [main] DEBUG server.building.Area - Visitor accepted
20:06:29.537 [main] DEBUG server.building.Area - Visitor accepted
20:06:29.537 [main] DEBUG server.building.Area - Visitor accepted
20:06:29.537 [main] DEBUG server.building.Area - queried area list
20:06:29.537 [main] DEBUG server.building.Area - > room3
20:06:29.537 [main] DEBUG server.building.Area - > corridor
20:06:29.537 [main] DEBUG server.building.Area - > IT
20:06:29.537 [main] DEBUG server.building.Area - Visitor accepted
20:06:29.537 [main] DEBUG server.building.Area - Visitor accepted
20:06:29.537 [main] DEBUG server.building.Area - Visitor accepted
20:06:29.537 [main] DEBUG server.building.Area - Visitor accepted
20:06:29.537 [main] DEBUG server.building.Area - Visitor accepted
20:06:29.537 [main] DEBUG server.building.Area - queried area list
20:06:29.537 [main] DEBUG server.building.Area - > basement
20:06:29.537 [main] DEBUG server.building.Area - > ground_floor
20:06:29.537 [main] DEBUG server.building.Area - > floor1
20:06:29.537 [main] DEBUG server.building.Area - > exterior
20:06:29.537 [main] DEBUG server.building.Area - > stairs
20:06:29.537 [main] DEBUG server.building.Area - Visitor accepted
20:06:29.537 [main] DEBUG server.building.Area - queried area list
20:06:29.537 [main] DEBUG server.building.Area - > parking
20:06:29.537 [main] DEBUG server.building.Area - Visitor accepted
20:06:29.537 [main] DEBUG server.building.Area - Visitor accepted
20:06:29.537 [main] DEBUG server.building.Area - queried area list
20:06:29.537 [main] DEBUG server.building.Area - > hall
20:06:29.537 [main] DEBUG server.building.Area - > room1
20:06:29.537 [main] DEBUG server.building.Area - > room2
20:06:29.537 [main] DEBUG server.building.Area - Visitor accepted
20:06:29.537 [main] DEBUG server.building.Area - Visitor accepted
20:06:29.537 [main] DEBUG server.building.Area - queried area list
20:06:29.537 [main] DEBUG server.building.Area - > basement
20:06:29.537 [main] DEBUG server.building.Area - > ground_floor
20:06:29.537 [main] DEBUG server.building.Area - > floor1
20:06:29.537 [main] DEBUG server.building.Area - > exterior
20:06:29.537 [main] DEBUG server.building.Area - > stairs
20:06:29.537 [main] DEBUG server.building.Area - Visitor accepted
20:06:29.537 [main] DEBUG server.building.Area - queried area list
20:06:29.537 [main] DEBUG server.building.Area - > parking
20:06:29.537 [main] DEBUG server.building.Area - Visitor accepted
20:06:29.537 [main] DEBUG server.building.Area - Visitor accepted
20:06:29.537 [main] DEBUG server.building.Area - queried area list
20:06:29.537 [main] DEBUG server.building.Area - > hall
20:06:29.538 [main] DEBUG server.building.Area - > room1
20:06:29.538 [main] DEBUG server.building.Area - > room2
20:06:29.538 [main] DEBUG server.building.Area - Visitor accepted
20:06:29.538 [main] DEBUG server.building.Area - Visitor accepted
20:06:29.538 [main] DEBUG server.building.Area - Visitor accepted
20:06:29.538 [main] DEBUG server.building.Area - Visitor accepted
20:06:29.538 [main] DEBUG server.building.Area - queried area list
20:06:29.538 [main] DEBUG server.building.Area - > room3
20:06:29.538 [main] DEBUG server.building.Area - > corridor
20:06:29.538 [main] DEBUG server.building.Area - > IT
20:06:29.538 [main] DEBUG server.building.Area - Visitor accepted
20:06:29.538 [main] DEBUG server.building.Area - Visitor accepted
20:06:29.538 [main] DEBUG server.building.Area - Visitor accepted
20:06:29.538 [main] DEBUG server.building.Area - Visitor accepted
20:06:29.538 [main] DEBUG server.building.Area - queried area list
20:06:29.538 [main] DEBUG server.building.Area - > basement
20:06:29.538 [main] DEBUG server.building.Area - > ground_floor
20:06:29.538 [main] DEBUG server.building.Area - > floor1
20:06:29.538 [main] DEBUG server.building.Area - > exterior
20:06:29.538 [main] DEBUG server.building.Area - > stairs
20:06:29.538 [main] DEBUG server.building.Area - Visitor accepted
20:06:29.538 [main] DEBUG server.building.Area - queried area list
20:06:29.538 [main] DEBUG server.building.Area - > parking
20:06:29.538 [main] DEBUG server.building.Area - Visitor accepted
20:06:29.538 [main] DEBUG server.building.Area - Visitor accepted
20:06:29.538 [main] DEBUG server.building.Area - queried area list
20:06:29.538 [main] DEBUG server.building.Area - > hall
20:06:29.538 [main] DEBUG server.building.Area - > room1
20:06:29.538 [main] DEBUG server.building.Area - > room2
20:06:29.538 [main] DEBUG server.building.Area - Visitor accepted
20:06:29.538 [main] DEBUG server.building.Area - Visitor accepted
20:06:29.538 [main] DEBUG server.building.Area - Visitor accepted
20:06:29.538 [main] DEBUG server.building.Area - Visitor accepted
20:06:29.538 [main] DEBUG server.building.Area - queried area list
20:06:29.538 [main] DEBUG server.building.Area - > room3
20:06:29.538 [main] DEBUG server.building.Area - > corridor
20:06:29.538 [main] DEBUG server.building.Area - > IT
20:06:29.538 [main] DEBUG server.building.Area - Visitor accepted
20:06:29.538 [main] DEBUG server.building.Area - Visitor accepted
20:06:29.538 [main] DEBUG server.building.Area - Visitor accepted
20:06:29.538 [main] DEBUG server.building.Area - queried area list
20:06:29.538 [main] DEBUG server.building.Area - > basement
20:06:29.538 [main] DEBUG server.building.Area - > ground_floor
20:06:29.538 [main] DEBUG server.building.Area - > floor1
20:06:29.538 [main] DEBUG server.building.Area - > exterior
20:06:29.538 [main] DEBUG server.building.Area - > stairs
20:06:29.538 [main] DEBUG server.building.Area - Visitor accepted
20:06:29.538 [main] DEBUG server.building.Area - queried area list
20:06:29.538 [main] DEBUG server.building.Area - > parking
20:06:29.538 [main] DEBUG server.building.Area - Visitor accepted
20:06:29.538 [main] DEBUG server.building.Area - Visitor accepted
20:06:29.538 [main] DEBUG server.building.Area - queried area list
20:06:29.538 [main] DEBUG server.building.Area - > hall
20:06:29.538 [main] DEBUG server.building.Area - > room1
20:06:29.538 [main] DEBUG server.building.Area - > room2
20:06:29.538 [main] DEBUG server.building.Area - Visitor accepted
20:06:29.538 [main] DEBUG server.building.Area - Visitor accepted
20:06:29.538 [main] DEBUG server.building.Area - Visitor accepted
20:06:29.538 [main] DEBUG server.building.Area - Visitor accepted
20:06:29.538 [main] DEBUG server.building.Area - queried area list
20:06:29.538 [main] DEBUG server.building.Area - > room3
20:06:29.538 [main] DEBUG server.building.Area - > corridor
20:06:29.538 [main] DEBUG server.building.Area - > IT
20:06:29.538 [main] DEBUG server.building.Area - Visitor accepted
20:06:29.538 [main] DEBUG server.building.Area - Visitor accepted
20:06:29.538 [main] DEBUG server.building.Area - Visitor accepted
20:06:29.538 [main] DEBUG server.building.Area - Visitor accepted
20:06:29.538 [main] DEBUG server.building.Area - Visitor accepted
20:06:29.538 [main] DEBUG server.building.Area - Visitor accepted
20:06:29.538 [main] DEBUG server.building.Area - queried area list
20:06:29.538 [main] DEBUG server.building.Area - > basement
20:06:29.538 [main] DEBUG server.building.Area - > ground_floor
20:06:29.538 [main] DEBUG server.building.Area - > floor1
20:06:29.538 [main] DEBUG server.building.Area - > exterior
20:06:29.538 [main] DEBUG server.building.Area - > stairs
20:06:29.538 [main] DEBUG server.building.Area - Visitor accepted
20:06:29.538 [main] DEBUG server.building.Area - queried area list
20:06:29.538 [main] DEBUG server.building.Area - > parking
20:06:29.538 [main] DEBUG server.building.Area - Visitor accepted
20:06:29.538 [main] DEBUG server.building.Area - Visitor accepted
20:06:29.538 [main] DEBUG server.building.Area - queried area list
20:06:29.538 [main] DEBUG server.building.Area - > hall
20:06:29.538 [main] DEBUG server.building.Area - > room1
20:06:29.538 [main] DEBUG server.building.Area - > room2
20:06:29.538 [main] DEBUG server.building.Area - Visitor accepted
20:06:29.538 [main] DEBUG server.building.Area - Visitor accepted
20:06:29.538 [main] DEBUG server.building.Area - Visitor accepted
20:06:29.538 [main] DEBUG server.building.Area - Visitor accepted
20:06:29.538 [main] DEBUG server.building.Area - queried area list
20:06:29.538 [main] DEBUG server.building.Area - > room3
20:06:29.538 [main] DEBUG server.building.Area - > corridor
20:06:29.539 [main] DEBUG server.building.Area - > IT
20:06:29.539 [main] DEBUG server.building.Area - Visitor accepted
20:06:29.539 [main] DEBUG server.building.Area - Visitor accepted
20:06:29.539 [main] DEBUG server.building.Area - queried area list
20:06:29.539 [main] DEBUG server.building.Area - > basement
20:06:29.539 [main] DEBUG server.building.Area - > ground_floor
20:06:29.539 [main] DEBUG server.building.Area - > floor1
20:06:29.539 [main] DEBUG server.building.Area - > exterior
20:06:29.539 [main] DEBUG server.building.Area - > stairs
20:06:29.539 [main] DEBUG server.building.Area - Visitor accepted
20:06:29.539 [main] DEBUG server.building.Area - queried area list
20:06:29.539 [main] DEBUG server.building.Area - > parking
20:06:29.539 [main] DEBUG server.building.Area - Visitor accepted
20:06:29.539 [main] DEBUG server.building.Area - Visitor accepted
20:06:29.539 [main] DEBUG server.building.Area - queried area list
20:06:29.539 [main] DEBUG server.building.Area - > hall
20:06:29.539 [main] DEBUG server.building.Area - > room1
20:06:29.539 [main] DEBUG server.building.Area - > room2
20:06:29.539 [main] DEBUG server.building.Area - Visitor accepted
20:06:29.539 [main] DEBUG server.building.Area - Visitor accepted
20:06:29.539 [main] DEBUG server.building.Area - Visitor accepted
20:06:29.539 [main] DEBUG server.building.Area - Visitor accepted
20:06:29.539 [main] DEBUG server.building.Area - queried area list
20:06:29.539 [main] DEBUG server.building.Area - > basement
20:06:29.539 [main] DEBUG server.building.Area - > ground_floor
20:06:29.539 [main] DEBUG server.building.Area - > floor1
20:06:29.539 [main] DEBUG server.building.Area - > exterior
20:06:29.539 [main] DEBUG server.building.Area - > stairs
20:06:29.539 [main] DEBUG server.building.Area - Visitor accepted
20:06:29.539 [main] DEBUG server.building.Area - queried area list
20:06:29.539 [main] DEBUG server.building.Area - > parking
20:06:29.539 [main] DEBUG server.building.Area - Visitor accepted
20:06:29.539 [main] DEBUG server.building.Area - Visitor accepted
20:06:29.539 [main] DEBUG server.building.Area - queried area list
20:06:29.539 [main] DEBUG server.building.Area - > hall
20:06:29.539 [main] DEBUG server.building.Area - > room1
20:06:29.539 [main] DEBUG server.building.Area - > room2
20:06:29.539 [main] DEBUG server.building.Area - Visitor accepted
20:06:29.539 [main] DEBUG server.building.Area - Visitor accepted
20:06:29.539 [main] DEBUG server.roles.Role - Rolesmanagercreated
20:06:29.539 [main] INFO  server.User - created user Manel
20:06:29.539 [main] INFO  server.User - created user Marta
20:06:29.539 [main] DEBUG server.roles.Role - Rolesadministratorcreated
20:06:29.539 [main] INFO  server.User - created user Ana
20:07:04.673 [main] INFO  server.state.Propped - D1 was locked
20:07:04.675 [main] INFO  server.state.Propped - D2 was locked
20:07:04.675 [main] INFO  server.state.Propped - D3 was locked
20:07:04.675 [main] INFO  server.state.Propped - D4 was locked
20:07:04.675 [main] INFO  server.state.Propped - D5 was locked
20:07:04.675 [main] INFO  server.state.Propped - D6 was locked
20:07:04.675 [main] INFO  server.state.Propped - D7 was locked
20:07:04.675 [main] INFO  server.state.Propped - D8 was locked
20:07:04.675 [main] INFO  server.state.Propped - D9 was locked
20:07:04.677 [main] INFO  server.User - created user Bernat
20:07:04.677 [main] INFO  server.User - created user Blai
20:07:04.740 [main] INFO  server.User - created user Ernest
20:07:04.740 [main] INFO  server.User - created user Eulalia
20:07:04.740 [main] INFO  server.User - created user Manel
20:07:04.740 [main] INFO  server.User - created user Marta
20:07:04.740 [main] INFO  server.User - created user Ana
20:07:44.756 [main] INFO  server.state.State - D1 was locked
20:07:44.759 [main] INFO  server.state.State - D2 was locked
20:07:44.759 [main] INFO  server.state.State - D3 was locked
20:07:44.759 [main] INFO  server.state.State - D4 was locked
20:07:44.759 [main] INFO  server.state.State - D5 was locked
20:07:44.759 [main] INFO  server.state.State - D6 was locked
20:07:44.759 [main] INFO  server.state.State - D7 was locked
20:07:44.759 [main] INFO  server.state.State - D8 was locked
20:07:44.759 [main] INFO  server.state.State - D9 was locked
20:07:44.759 [main] INFO  server.User - created user Bernat
20:07:44.759 [main] INFO  server.User - created user Blai
20:07:44.787 [main] INFO  server.User - created user Ernest
20:07:44.787 [main] INFO  server.User - created user Eulalia
20:07:44.787 [main] INFO  server.User - created user Manel
20:07:44.787 [main] INFO  server.User - created user Marta
20:07:44.787 [main] INFO  server.User - created user Ana
20:07:57.088 [Thread-1] INFO  server.state.State - D5 was unlocked
20:07:57.088 [Thread-1] INFO  server.state.State - D5 was unlocked
20:08:00.660 [Thread-3] WARN  server.state.State - Can't open door D5 because it's already open
20:08:01.744 [Thread-4] INFO  server.state.State - D5 was closed
20:08:03.376 [Thread-5] INFO  server.state.State - D5 was locked
20:08:03.376 [Thread-5] INFO  server.state.State - D5 was closed
20:08:04.840 [Thread-6] INFO  server.state.State - D5 was unlocked shortly
20:08:05.792 [Thread-8] INFO  server.state.State - D5 was opened
20:08:14.852 [Timer-0] INFO  server.state.State - D5 is propped
20:08:14.852 [Timer-0] WARN  server.state.State - D5 was propped
12:18:49.351 [main] INFO  server.state.State - D1 was locked
12:18:49.357 [main] INFO  server.state.State - D2 was locked
12:18:49.357 [main] INFO  server.state.State - D3 was locked
12:18:49.358 [main] INFO  server.state.State - D4 was locked
12:18:49.358 [main] INFO  server.state.State - D5 was locked
12:18:49.358 [main] INFO  server.state.State - D6 was locked
12:18:49.358 [main] INFO  server.state.State - D7 was locked
12:18:49.358 [main] INFO  server.state.State - D8 was locked
12:18:49.358 [main] INFO  server.state.State - D9 was locked
12:18:49.385 [main] INFO  server.User - created user Bernat
12:18:49.385 [main] INFO  server.User - created user Blai
12:18:49.457 [main] INFO  server.User - created user Ernest
12:18:49.457 [main] INFO  server.User - created user Eulalia
12:18:49.457 [main] INFO  server.User - created user Manel
12:18:49.457 [main] INFO  server.User - created user Marta
12:18:49.457 [main] INFO  server.User - created user Ana
12:19:10.424 [Thread-1] INFO  server.state.State - D5 was unlocked
12:19:10.424 [Thread-1] INFO  server.state.State - D5 was unlocked
12:26:43.842 [main] INFO  server.state.State - D1 was locked
12:26:43.842 [main] INFO  server.state.State - D2 was locked
12:26:43.842 [main] INFO  server.state.State - D3 was locked
12:26:43.842 [main] INFO  server.state.State - D4 was locked
12:26:43.842 [main] INFO  server.state.State - D5 was locked
12:26:43.842 [main] INFO  server.state.State - D6 was locked
12:26:43.842 [main] INFO  server.state.State - D7 was locked
12:26:43.842 [main] INFO  server.state.State - D8 was locked
12:26:43.842 [main] INFO  server.state.State - D9 was locked
12:26:43.842 [main] INFO  server.User - created user Bernat
12:26:43.842 [main] INFO  server.User - created user Blai
12:26:43.889 [main] INFO  server.User - created user Ernest
12:26:43.889 [main] INFO  server.User - created user Eulalia
12:26:43.889 [main] INFO  server.User - created user Manel
12:26:43.889 [main] INFO  server.User - created user Marta
12:26:43.889 [main] INFO  server.User - created user Ana
12:30:48.178 [Thread-1] INFO  server.state.State - D5 was unlocked
12:30:48.178 [Thread-1] INFO  server.state.State - D5 was unlocked
12:30:52.147 [Thread-3] INFO  server.state.State - D5 was closed
12:30:54.531 [Thread-4] INFO  server.state.State - D5 was locked
12:30:54.531 [Thread-4] INFO  server.state.State - D5 was closed
12:30:56.500 [Thread-5] INFO  server.state.State - D5 was unlocked shortly
12:31:01.229 [Thread-7] INFO  server.state.State - D5 was opened
12:31:06.517 [Timer-0] INFO  server.state.State - D5 is propped
12:31:06.517 [Timer-0] WARN  server.state.State - D5 was propped
12:33:28.421 [Thread-9] INFO  server.state.State - D4 was unlocked
12:33:28.421 [Thread-9] INFO  server.state.State - D4 was unlocked
12:33:28.421 [Thread-9] INFO  server.state.State - D3 was unlocked
12:33:28.421 [Thread-9] INFO  server.state.State - D3 was unlocked
12:33:28.421 [Thread-9] WARN  server.state.State - Door D5is open, it's propped
12:33:28.421 [Thread-9] INFO  server.state.State - D6 was unlocked
12:33:28.421 [Thread-9] INFO  server.state.State - D6 was unlocked
12:33:29.889 [Thread-10] INFO  server.state.State - D4 was locked
12:33:29.889 [Thread-10] INFO  server.state.State - D4 was closed
12:33:29.891 [Thread-10] INFO  server.state.State - D3 was locked
12:33:29.891 [Thread-10] INFO  server.state.State - D3 was closed
12:33:29.891 [Thread-10] WARN  server.state.State - Can't lock, door D5is open because it's propped
12:33:29.891 [Thread-10] INFO  server.state.State - D6 was locked
12:33:29.891 [Thread-10] INFO  server.state.State - D6 was closed
12:33:31.274 [Thread-11] WARN  server.state.State - D4 is already locked
12:33:31.274 [Thread-11] WARN  server.state.State - D3 is already locked
12:33:31.274 [Thread-11] WARN  server.state.State - Can't lock, door D5is open because it's propped
12:33:31.274 [Thread-11] WARN  server.state.State - D6 is already locked
12:33:31.828 [Thread-12] WARN  server.state.State - D4 is already locked
12:33:31.828 [Thread-12] WARN  server.state.State - D3 is already locked
12:33:31.828 [Thread-12] WARN  server.state.State - Can't lock, door D5is open because it's propped
12:33:31.828 [Thread-12] WARN  server.state.State - D6 is already locked
12:33:32.137 [Thread-13] WARN  server.state.State - D4 is already locked
12:33:32.137 [Thread-13] WARN  server.state.State - D3 is already locked
12:33:32.137 [Thread-13] WARN  server.state.State - Can't lock, door D5is open because it's propped
12:33:32.137 [Thread-13] WARN  server.state.State - D6 is already locked
12:33:34.744 [Thread-14] INFO  server.state.State - D4 was unlocked
12:33:34.744 [Thread-14] INFO  server.state.State - D4 was unlocked
12:33:34.744 [Thread-14] INFO  server.state.State - D3 was unlocked
12:33:34.744 [Thread-14] INFO  server.state.State - D3 was unlocked
12:33:34.744 [Thread-14] WARN  server.state.State - Door D5is open, it's propped
12:33:34.744 [Thread-14] INFO  server.state.State - D6 was unlocked
12:33:34.744 [Thread-14] INFO  server.state.State - D6 was unlocked
12:33:39.815 [Thread-15] INFO  server.state.State - D5 was locked
12:33:39.816 [Thread-15] INFO  server.state.State - Door D5 was locked
12:33:42.568 [Thread-16] WARN  server.state.State - D4already unlocked
12:33:42.568 [Thread-16] WARN  server.state.State - D3already unlocked
12:33:42.568 [Thread-16] INFO  server.state.State - D5 was unlocked
12:33:42.568 [Thread-16] INFO  server.state.State - D5 was unlocked
12:33:42.568 [Thread-16] WARN  server.state.State - D6already unlocked
12:33:46.266 [Thread-17] WARN  server.state.State - D4already unlocked
12:33:46.266 [Thread-17] WARN  server.state.State - D3already unlocked
12:33:46.266 [Thread-17] WARN  server.state.State - D5already unlocked
12:33:46.266 [Thread-17] WARN  server.state.State - D6already unlocked
12:33:51.864 [Thread-18] INFO  server.state.State - D8 was unlocked
12:33:51.865 [Thread-18] INFO  server.state.State - D8 was unlocked
12:33:51.865 [Thread-18] INFO  server.state.State - D7 was unlocked
12:33:51.865 [Thread-18] INFO  server.state.State - D7 was unlocked
12:33:51.865 [Thread-18] INFO  server.state.State - D9 was unlocked
12:33:51.865 [Thread-18] INFO  server.state.State - D9 was unlocked
12:34:01.447 [main] INFO  server.state.State - D1 was locked
12:34:01.455 [main] INFO  server.state.State - D2 was locked
12:34:01.458 [main] INFO  server.state.State - D3 was locked
12:34:01.458 [main] INFO  server.state.State - D4 was locked
12:34:01.458 [main] INFO  server.state.State - D5 was locked
12:34:01.458 [main] INFO  server.state.State - D6 was locked
12:34:01.459 [main] INFO  server.state.State - D7 was locked
12:34:01.459 [main] INFO  server.state.State - D8 was locked
12:34:01.459 [main] INFO  server.state.State - D9 was locked
12:34:01.460 [main] INFO  server.User - created user Bernat
12:34:01.460 [main] INFO  server.User - created user Blai
12:34:01.503 [main] INFO  server.User - created user Ernest
12:34:01.503 [main] INFO  server.User - created user Eulalia
12:34:01.503 [main] INFO  server.User - created user Manel
12:34:01.503 [main] INFO  server.User - created user Marta
12:34:01.503 [main] INFO  server.User - created user Ana
12:34:13.379 [Thread-1] INFO  server.state.State - D4 was unlocked
12:34:13.379 [Thread-1] INFO  server.state.State - D4 was unlocked
12:34:13.385 [Thread-1] INFO  server.state.State - D3 was unlocked
12:34:13.385 [Thread-1] INFO  server.state.State - D3 was unlocked
12:34:13.385 [Thread-1] INFO  server.state.State - D5 was unlocked
12:34:13.385 [Thread-1] INFO  server.state.State - D5 was unlocked
12:34:13.385 [Thread-1] INFO  server.state.State - D6 was unlocked
12:34:13.385 [Thread-1] INFO  server.state.State - D6 was unlocked
12:34:14.149 [Thread-2] WARN  server.state.State - D4already unlocked
12:34:14.149 [Thread-2] WARN  server.state.State - D3already unlocked
12:34:14.149 [Thread-2] WARN  server.state.State - D5already unlocked
12:34:14.149 [Thread-2] WARN  server.state.State - D6already unlocked
